Already up to date.
Filtered file saved to public/data/block/akishima1.json
Filtered file saved to public/data/block/akishima2.json
Filtered file saved to public/data/block/akishima3.json
Filtered file saved to public/data/block/akishima4.json
Filtered file saved to public/data/block/akishima5.json
Filtered file saved to public/data/block/akishima6.json
Filtered file saved to public/data/block/fussa1.json
Filtered file saved to public/data/block/fussa2.json
Filtered file saved to public/data/block/fussa3.json
Filtered file saved to public/data/block/fussa4.json
Filtered file saved to public/data/block/hamura1.json
Filtered file saved to public/data/block/hamura2.json
Filtered file saved to public/data/block/hamura3.json
Filtered file saved to public/data/block/hamura4.json
Filtered file saved to public/data/block/hinode1.json
Filtered file saved to public/data/block/hinode2.json
Filtered file saved to public/data/block/hinode3.json
Filtered file saved to public/data/block/hinode4.json
File saved to public/data/all.json
Results have been written to ./public/data/summary.json
{'1.0': '0.0', '2.0': '0.0', '3.0': '29.0', '4.0': '0.0', '5.0': '0.0', '6.0': '43.0', '7.0': '0.0', '8.0': '0.0', '9.0': '0.0', '10.0': '0.0', '11.0': '0.0', '12.0': '9.0', '13.0': '0.0', '14.0': '0.0', '15.0': '0.0', '16.0': '0.0', '17.0': '0.0', '18.0': '0.0', '19.0': '0.0', '20.0': '0.0', '21.0': '0.0', '22.0': '0.0', 'total': '81'}
Results have been written to ./public/data/summary_absolute.json
[main e1c113c] Update
 1 file changed, 20442 deletions(-)
To github.com:yuukiner/akishima2025.git
   b718a38..e1c113c  main -> main
/mnt/c/Users/yukim/akishima2025/main.sh: line 37: .env: No such file or directory
Already up to date.
Filtered file saved to public/data/block/akishima1.json
Filtered file saved to public/data/block/akishima2.json
Filtered file saved to public/data/block/akishima3.json
Filtered file saved to public/data/block/akishima4.json
Filtered file saved to public/data/block/akishima5.json
Filtered file saved to public/data/block/akishima6.json
Filtered file saved to public/data/block/fussa1.json
Filtered file saved to public/data/block/fussa2.json
Filtered file saved to public/data/block/fussa3.json
Filtered file saved to public/data/block/fussa4.json
Filtered file saved to public/data/block/hamura1.json
Filtered file saved to public/data/block/hamura2.json
Filtered file saved to public/data/block/hamura3.json
Filtered file saved to public/data/block/hamura4.json
Filtered file saved to public/data/block/hinode1.json
Filtered file saved to public/data/block/hinode2.json
Filtered file saved to public/data/block/hinode3.json
Filtered file saved to public/data/block/hinode4.json
File saved to public/data/all.json
Results have been written to ./public/data/summary.json
{'1.0': '0.0', '2.0': '0.0', '3.0': '29.0', '4.0': '0.0', '5.0': '0.0', '6.0': '43.0', '7.0': '0.0', '8.0': '0.0', '9.0': '0.0', '10.0': '0.0', '11.0': '0.0', '12.0': '9.0', '13.0': '0.0', '14.0': '0.0', '15.0': '0.0', '16.0': '0.0', '17.0': '0.0', '18.0': '0.0', '19.0': '0.0', '20.0': '0.0', '21.0': '0.0', '22.0': '0.0', 'total': '81'}
Results have been written to ./public/data/summary_absolute.json
[main ac2a89e] Update
 1 file changed, 28 insertions(+)
To github.com:yuukiner/akishima2025.git
   e1c113c..ac2a89e  main -> main
/mnt/c/Users/yukim/akishima2025/main.sh: line 37: .env: No such file or directory
Already up to date.
Filtered file saved to public/data/block/akishima1.json
Filtered file saved to public/data/block/akishima2.json
Filtered file saved to public/data/block/akishima3.json
Filtered file saved to public/data/block/akishima4.json
Filtered file saved to public/data/block/akishima5.json
Filtered file saved to public/data/block/akishima6.json
Filtered file saved to public/data/block/fussa1.json
Filtered file saved to public/data/block/fussa2.json
Filtered file saved to public/data/block/fussa3.json
Filtered file saved to public/data/block/fussa4.json
Filtered file saved to public/data/block/hamura1.json
Filtered file saved to public/data/block/hamura2.json
Filtered file saved to public/data/block/hamura3.json
Filtered file saved to public/data/block/hamura4.json
Filtered file saved to public/data/block/hinode1.json
Filtered file saved to public/data/block/hinode2.json
Filtered file saved to public/data/block/hinode3.json
Filtered file saved to public/data/block/hinode4.json
Filtered file saved to public/data/block/okutama1.json
File saved to public/data/all.json
Results have been written to ./public/data/summary.json
{'1.0': '0.0', '2.0': '0.0', '3.0': '29.0', '4.0': '0.0', '5.0': '0.0', '6.0': '43.0', '7.0': '0.0', '8.0': '0.0', '9.0': '0.0', '10.0': '0.0', '11.0': '0.0', '12.0': '9.0', '13.0': '0.0', '14.0': '0.0', '15.0': '0.0', '16.0': '0.0', '17.0': '0.0', '18.0': '0.0', '19.0': '0.0', '20.0': '0.0', '21.0': '0.0', '22.0': '0.0', 'total': '81'}
Results have been written to ./public/data/summary_absolute.json
[main 9494fb0] Update
 7 files changed, 89 insertions(+), 7 deletions(-)
 create mode 100644 public/data/block/okutama1.json
To github.com:yuukiner/akishima2025.git
   ac2a89e..9494fb0  main -> main
/mnt/c/Users/yukim/akishima2025/main.sh: line 37: .env: No such file or directory
Already up to date.
Filtered file saved to public/data/block/akishima1.json
Filtered file saved to public/data/block/akishima2.json
Filtered file saved to public/data/block/akishima3.json
Filtered file saved to public/data/block/akishima4.json
Filtered file saved to public/data/block/akishima5.json
Filtered file saved to public/data/block/akishima6.json
Filtered file saved to public/data/block/fussa1.json
Filtered file saved to public/data/block/fussa2.json
Filtered file saved to public/data/block/fussa3.json
Filtered file saved to public/data/block/fussa4.json
Filtered file saved to public/data/block/hamura1.json
Filtered file saved to public/data/block/hamura2.json
Filtered file saved to public/data/block/hamura3.json
Filtered file saved to public/data/block/hamura4.json
Filtered file saved to public/data/block/hinode1.json
Filtered file saved to public/data/block/hinode2.json
Filtered file saved to public/data/block/hinode3.json
Filtered file saved to public/data/block/hinode4.json
Filtered file saved to public/data/block/okutama1.json
File saved to public/data/all.json
Results have been written to ./public/data/summary.json
{'1.0': '0.0', '2.0': '0.0', '3.0': '29.0', '4.0': '0.0', '5.0': '0.0', '6.0': '43.0', '7.0': '0.0', '8.0': '0.0', '9.0': '0.0', '10.0': '0.0', '11.0': '0.0', '12.0': '9.0', '13.0': '0.0', '14.0': '0.0', '15.0': '0.0', '16.0': '0.0', '17.0': '0.0', '18.0': '0.0', '19.0': '0.0', '20.0': '0.0', '21.0': '0.0', '22.0': '0.0', 'total': '81'}
Results have been written to ./public/data/summary_absolute.json
[main d1861c9] Update
 1 file changed, 24 insertions(+)
To github.com:yuukiner/akishima2025.git
   ceacaaa..d1861c9  main -> main
/mnt/c/Users/yukim/akishima2025/main.sh: line 37: .env: No such file or directory
Already up to date.
Filtered file saved to public/data/block/akishima1.json
Filtered file saved to public/data/block/akishima2.json
Filtered file saved to public/data/block/akishima3.json
Filtered file saved to public/data/block/akishima4.json
Filtered file saved to public/data/block/akishima5.json
Filtered file saved to public/data/block/akishima6.json
Filtered file saved to public/data/block/fussa1.json
Filtered file saved to public/data/block/fussa2.json
Filtered file saved to public/data/block/fussa3.json
Filtered file saved to public/data/block/fussa4.json
Filtered file saved to public/data/block/hamura1.json
Filtered file saved to public/data/block/hamura2.json
Filtered file saved to public/data/block/hamura3.json
Filtered file saved to public/data/block/hamura4.json
Filtered file saved to public/data/block/hinode1.json
Filtered file saved to public/data/block/hinode2.json
Filtered file saved to public/data/block/hinode3.json
Filtered file saved to public/data/block/hinode4.json
Filtered file saved to public/data/block/okutama1.json
File saved to public/data/all.json
Results have been written to ./public/data/summary.json
{'1.0': '0.0', '2.0': '0.0', '3.0': '29.0', '4.0': '0.0', '5.0': '0.0', '6.0': '43.0', '7.0': '0.0', '8.0': '0.0', '9.0': '0.0', '10.0': '0.0', '11.0': '0.0', '12.0': '9.0', '13.0': '0.0', '14.0': '0.0', '15.0': '0.0', '16.0': '0.0', '17.0': '0.0', '18.0': '0.0', '19.0': '0.0', '20.0': '0.0', '21.0': '0.0', '22.0': '0.0', 'total': '81'}
Results have been written to ./public/data/summary_absolute.json
[main 424f2b0] Update
 2 files changed, 30 insertions(+), 1 deletion(-)
To github.com:yuukiner/akishima2025.git
   d1861c9..424f2b0  main -> main
/mnt/c/Users/yukim/akishima2025/main.sh: line 37: .env: No such file or directory
Already up to date.
Filtered file saved to public/data/block/akishima1.json
Filtered file saved to public/data/block/akishima2.json
Filtered file saved to public/data/block/akishima3.json
Filtered file saved to public/data/block/akishima4.json
Filtered file saved to public/data/block/akishima5.json
Filtered file saved to public/data/block/akishima6.json
Filtered file saved to public/data/block/fussa1.json
Filtered file saved to public/data/block/fussa2.json
Filtered file saved to public/data/block/fussa3.json
Filtered file saved to public/data/block/fussa4.json
Filtered file saved to public/data/block/hamura1.json
Filtered file saved to public/data/block/hamura2.json
Filtered file saved to public/data/block/hamura3.json
Filtered file saved to public/data/block/hamura4.json
Filtered file saved to public/data/block/hinode1.json
Filtered file saved to public/data/block/hinode2.json
Filtered file saved to public/data/block/hinode3.json
Filtered file saved to public/data/block/hinode4.json
Filtered file saved to public/data/block/okutama1.json
File saved to public/data/all.json
Results have been written to ./public/data/summary.json
{'1.0': '0.0', '2.0': '0.0', '3.0': '29.0', '4.0': '0.0', '5.0': '0.0', '6.0': '43.0', '7.0': '0.0', '8.0': '0.0', '9.0': '0.0', '10.0': '0.0', '11.0': '0.0', '12.0': '9.0', '13.0': '0.0', '14.0': '0.0', '15.0': '0.0', '16.0': '0.0', '17.0': '0.0', '18.0': '0.0', '19.0': '0.0', '20.0': '0.0', '21.0': '0.0', '22.0': '0.0', 'total': '81'}
Results have been written to ./public/data/summary_absolute.json
[main 35ae285] Update
 5 files changed, 60 insertions(+), 31 deletions(-)
To github.com:yuukiner/akishima2025.git
   424f2b0..35ae285  main -> main
/mnt/c/Users/yukim/akishima2025/main.sh: line 37: .env: No such file or directory
Already up to date.
Filtered file saved to public/data/block/akishima1.json
Filtered file saved to public/data/block/akishima2.json
Filtered file saved to public/data/block/akishima3.json
Filtered file saved to public/data/block/akishima4.json
Filtered file saved to public/data/block/akishima5.json
Filtered file saved to public/data/block/akishima6.json
Filtered file saved to public/data/block/fussa1.json
Filtered file saved to public/data/block/fussa2.json
Filtered file saved to public/data/block/fussa3.json
Filtered file saved to public/data/block/fussa4.json
Filtered file saved to public/data/block/hamura1.json
Filtered file saved to public/data/block/hamura2.json
Filtered file saved to public/data/block/hamura3.json
Filtered file saved to public/data/block/hamura4.json
Filtered file saved to public/data/block/hinode1.json
Filtered file saved to public/data/block/hinode2.json
Filtered file saved to public/data/block/hinode3.json
Filtered file saved to public/data/block/hinode4.json
Filtered file saved to public/data/block/okutama1.json
File saved to public/data/all.json
Results have been written to ./public/data/summary.json
{'1.0': '0.0', '2.0': '0.0', '3.0': '29.0', '4.0': '0.0', '5.0': '0.0', '6.0': '43.0', '7.0': '0.0', '8.0': '0.0', '9.0': '0.0', '10.0': '0.0', '11.0': '0.0', '12.0': '9.0', '13.0': '0.0', '14.0': '0.0', '15.0': '0.0', '16.0': '0.0', '17.0': '0.0', '18.0': '0.0', '19.0': '0.0', '20.0': '0.0', '21.0': '0.0', '22.0': '0.0', 'total': '81'}
Results have been written to ./public/data/summary_absolute.json
[main eb8ae12] Update
 6 files changed, 61 insertions(+), 32 deletions(-)
To github.com:yuukiner/akishima2025.git
   35ae285..eb8ae12  main -> main
/mnt/c/Users/yukim/akishima2025/main.sh: line 37: .env: No such file or directory
Already up to date.
Filtered file saved to public/data/block/akishima1.json
Filtered file saved to public/data/block/akishima2.json
Filtered file saved to public/data/block/akishima3.json
Filtered file saved to public/data/block/akishima4.json
Filtered file saved to public/data/block/akishima5.json
Filtered file saved to public/data/block/akishima6.json
Filtered file saved to public/data/block/fussa1.json
Filtered file saved to public/data/block/fussa2.json
Filtered file saved to public/data/block/fussa3.json
Filtered file saved to public/data/block/fussa4.json
Filtered file saved to public/data/block/hamura1.json
Filtered file saved to public/data/block/hamura2.json
Filtered file saved to public/data/block/hamura3.json
Filtered file saved to public/data/block/hamura4.json
Filtered file saved to public/data/block/hinode1.json
Filtered file saved to public/data/block/hinode2.json
Filtered file saved to public/data/block/hinode3.json
Filtered file saved to public/data/block/hinode4.json
Filtered file saved to public/data/block/okutama1.json
File saved to public/data/all.json
Results have been written to ./public/data/summary.json
{'1.0': '0.0', '2.0': '0.0', '3.0': '29.0', '4.0': '0.0', '5.0': '0.0', '6.0': '43.0', '7.0': '0.0', '8.0': '0.0', '9.0': '0.0', '10.0': '0.0', '11.0': '0.0', '12.0': '9.0', '13.0': '0.0', '14.0': '0.0', '15.0': '0.0', '16.0': '0.0', '17.0': '0.0', '18.0': '0.0', '19.0': '0.0', '20.0': '0.0', '21.0': '0.0', '22.0': '0.0', 'total': '81'}
Results have been written to ./public/data/summary_absolute.json
[main 5e6c72c] Update
 2 files changed, 38 insertions(+), 12 deletions(-)
To github.com:yuukiner/akishima2025.git
   eb8ae12..5e6c72c  main -> main
/mnt/c/Users/yukim/akishima2025/main.sh: line 37: .env: No such file or directory
Already up to date.
Filtered file saved to public/data/block/akishima1.json
Filtered file saved to public/data/block/akishima2.json
Filtered file saved to public/data/block/akishima3.json
Filtered file saved to public/data/block/akishima4.json
Filtered file saved to public/data/block/akishima5.json
Filtered file saved to public/data/block/akishima6.json
Filtered file saved to public/data/block/fussa1.json
Filtered file saved to public/data/block/fussa2.json
Filtered file saved to public/data/block/fussa3.json
Filtered file saved to public/data/block/fussa4.json
Filtered file saved to public/data/block/hamura1.json
Filtered file saved to public/data/block/hamura2.json
Filtered file saved to public/data/block/hamura3.json
Filtered file saved to public/data/block/hamura4.json
Filtered file saved to public/data/block/hinode1.json
Filtered file saved to public/data/block/hinode2.json
Filtered file saved to public/data/block/hinode3.json
Filtered file saved to public/data/block/hinode4.json
Filtered file saved to public/data/block/okutama1.json
File saved to public/data/all.json
Results have been written to ./public/data/summary.json
{'1.0': '0.0', '2.0': '0.0', '3.0': '29.0', '4.0': '0.0', '5.0': '0.0', '6.0': '43.0', '7.0': '0.0', '8.0': '0.0', '9.0': '0.0', '10.0': '0.0', '11.0': '0.0', '12.0': '9.0', '13.0': '0.0', '14.0': '0.0', '15.0': '0.0', '16.0': '0.0', '17.0': '0.0', '18.0': '0.0', '19.0': '0.0', '20.0': '0.0', '21.0': '0.0', '22.0': '0.0', 'total': '81'}
Results have been written to ./public/data/summary_absolute.json
[main d6f1e61] Update
 2 files changed, 30 insertions(+), 7 deletions(-)
To github.com:yuukiner/akishima2025.git
   374e55c..d6f1e61  main -> main
/mnt/c/Users/yukim/akishima2025/main.sh: line 37: .env: No such file or directory
Already up to date.
Filtered file saved to public/data/block/akishima1.json
Filtered file saved to public/data/block/akishima2.json
Filtered file saved to public/data/block/akishima3.json
Filtered file saved to public/data/block/akishima4.json
Filtered file saved to public/data/block/akishima5.json
Filtered file saved to public/data/block/akishima6.json
Filtered file saved to public/data/block/fussa1.json
Filtered file saved to public/data/block/fussa2.json
Filtered file saved to public/data/block/fussa3.json
Filtered file saved to public/data/block/fussa4.json
Filtered file saved to public/data/block/hamura1.json
Filtered file saved to public/data/block/hamura2.json
Filtered file saved to public/data/block/hamura3.json
Filtered file saved to public/data/block/hamura4.json
Filtered file saved to public/data/block/hinode1.json
Filtered file saved to public/data/block/hinode2.json
Filtered file saved to public/data/block/hinode3.json
Filtered file saved to public/data/block/hinode4.json
Filtered file saved to public/data/block/okutama1.json
File saved to public/data/all.json
Results have been written to ./public/data/summary.json
{'1.0': '0.0', '2.0': '0.0', '3.0': '29.0', '4.0': '0.0', '5.0': '0.0', '6.0': '43.0', '7.0': '0.0', '8.0': '0.0', '9.0': '0.0', '10.0': '0.0', '11.0': '0.0', '12.0': '9.0', '13.0': '0.0', '14.0': '0.0', '15.0': '0.0', '16.0': '0.0', '17.0': '0.0', '18.0': '0.0', '19.0': '0.0', '20.0': '0.0', '21.0': '0.0', '22.0': '0.0', 'total': '81'}
Results have been written to ./public/data/summary_absolute.json
[main be9edd9] Update
 2 files changed, 26 insertions(+), 2 deletions(-)
To github.com:yuukiner/akishima2025.git
   6fb119b..be9edd9  main -> main
/mnt/c/Users/yukim/akishima2025/main.sh: line 37: .env: No such file or directory
Already up to date.
Filtered file saved to public/data/block/akishima1.json
Filtered file saved to public/data/block/akishima2.json
Filtered file saved to public/data/block/akishima3.json
Filtered file saved to public/data/block/akishima4.json
Filtered file saved to public/data/block/akishima5.json
Filtered file saved to public/data/block/akishima6.json
Filtered file saved to public/data/block/fussa1.json
Filtered file saved to public/data/block/fussa2.json
Filtered file saved to public/data/block/fussa3.json
Filtered file saved to public/data/block/fussa4.json
Filtered file saved to public/data/block/hamura1.json
Filtered file saved to public/data/block/hamura2.json
Filtered file saved to public/data/block/hamura3.json
Filtered file saved to public/data/block/hamura4.json
Filtered file saved to public/data/block/hinode1.json
Filtered file saved to public/data/block/hinode2.json
Filtered file saved to public/data/block/hinode3.json
Filtered file saved to public/data/block/hinode4.json
Filtered file saved to public/data/block/okutama1.json
File saved to public/data/all.json
Results have been written to ./public/data/summary.json
{'1.0': '0.0', '2.0': '0.0', '3.0': '29.0', '4.0': '0.0', '5.0': '0.0', '6.0': '43.0', '7.0': '0.0', '8.0': '0.0', '9.0': '0.0', '10.0': '0.0', '11.0': '0.0', '12.0': '9.0', '13.0': '0.0', '14.0': '0.0', '15.0': '0.0', '16.0': '0.0', '17.0': '0.0', '18.0': '0.0', '19.0': '0.0', '20.0': '0.0', '21.0': '0.0', '22.0': '0.0', 'total': '81'}
Results have been written to ./public/data/summary_absolute.json
[main ac1fb18] Update
 2 files changed, 29 insertions(+), 5 deletions(-)
To github.com:yuukiner/akishima2025.git
   63451af..ac1fb18  main -> main
/mnt/c/Users/yukim/akishima2025/main.sh: line 37: .env: No such file or directory
Already up to date.
Filtered file saved to public/data/block/akishima1.json
Filtered file saved to public/data/block/akishima2.json
Filtered file saved to public/data/block/akishima3.json
Filtered file saved to public/data/block/akishima4.json
Filtered file saved to public/data/block/akishima5.json
Filtered file saved to public/data/block/akishima6.json
Filtered file saved to public/data/block/fussa1.json
Filtered file saved to public/data/block/fussa2.json
Filtered file saved to public/data/block/fussa3.json
Filtered file saved to public/data/block/fussa4.json
Filtered file saved to public/data/block/hamura1.json
Filtered file saved to public/data/block/hamura2.json
Filtered file saved to public/data/block/hamura3.json
Filtered file saved to public/data/block/hamura4.json
Filtered file saved to public/data/block/hinode1.json
Filtered file saved to public/data/block/hinode2.json
Filtered file saved to public/data/block/hinode3.json
Filtered file saved to public/data/block/hinode4.json
Filtered file saved to public/data/block/okutama1.json
File saved to public/data/all.json
Results have been written to ./public/data/summary.json
{'1.0': '0.0', '2.0': '79.0', '3.0': '0.0', '4.0': '0.0', '5.0': '0.0', '6.0': '43.0', '7.0': '0.0', '8.0': '0.0', '9.0': '0.0', '10.0': '0.0', '11.0': '0.0', '12.0': '9.0', '13.0': '0.0', '14.0': '0.0', '15.0': '0.0', '16.0': '0.0', '17.0': '0.0', '18.0': '0.0', '19.0': '0.0', '20.0': '0.0', '21.0': '0.0', '22.0': '0.0', 'total': '131'}
Results have been written to ./public/data/summary_absolute.json
[main 39ab4aa] Update
 1 file changed, 24 insertions(+)
To github.com:yuukiner/akishima2025.git
   91d3813..39ab4aa  main -> main
/mnt/c/Users/yukim/akishima2025/main.sh: line 37: .env: No such file or directory
Already up to date.
Filtered file saved to public/data/block/akishima1.json
Filtered file saved to public/data/block/akishima2.json
Filtered file saved to public/data/block/akishima3.json
Filtered file saved to public/data/block/akishima4.json
Filtered file saved to public/data/block/akishima5.json
Filtered file saved to public/data/block/akishima6.json
Filtered file saved to public/data/block/fussa1.json
Filtered file saved to public/data/block/fussa2.json
Filtered file saved to public/data/block/fussa3.json
Filtered file saved to public/data/block/fussa4.json
Filtered file saved to public/data/block/hamura1.json
Filtered file saved to public/data/block/hamura2.json
Filtered file saved to public/data/block/hamura3.json
Filtered file saved to public/data/block/hamura4.json
Filtered file saved to public/data/block/hinode1.json
Filtered file saved to public/data/block/hinode2.json
Filtered file saved to public/data/block/hinode3.json
Filtered file saved to public/data/block/hinode4.json
Filtered file saved to public/data/block/okutama1.json
File saved to public/data/all.json
Results have been written to ./public/data/summary.json
{'1.0': '0.0', '2.0': '79.0', '3.0': '0.0', '4.0': '0.0', '5.0': '0.0', '6.0': '0.0', '7.0': '0.0', '8.0': '0.0', '9.0': '0.0', '10.0': '0.0', '11.0': '0.0', '12.0': '9.0', '13.0': '0.0', '14.0': '0.0', '15.0': '0.0', '16.0': '0.0', '17.0': '0.0', '18.0': '0.0', '19.0': '0.0', '20.0': '0.0', '21.0': '0.0', '22.0': '0.0', 'total': '88'}
Results have been written to ./public/data/summary_absolute.json
[main d79f55a] Update
 6 files changed, 128 insertions(+), 99 deletions(-)
To github.com:yuukiner/akishima2025.git
   39ab4aa..d79f55a  main -> main
/mnt/c/Users/yukim/akishima2025/main.sh: line 37: .env: No such file or directory
Already up to date.
Filtered file saved to public/data/block/akishima1.json
Filtered file saved to public/data/block/akishima2.json
Filtered file saved to public/data/block/akishima3.json
Filtered file saved to public/data/block/akishima4.json
Filtered file saved to public/data/block/akishima5.json
Filtered file saved to public/data/block/akishima6.json
Filtered file saved to public/data/block/fussa1.json
Filtered file saved to public/data/block/fussa2.json
Filtered file saved to public/data/block/fussa3.json
Filtered file saved to public/data/block/fussa4.json
Filtered file saved to public/data/block/hamura1.json
Filtered file saved to public/data/block/hamura2.json
Filtered file saved to public/data/block/hamura3.json
Filtered file saved to public/data/block/hamura4.json
Filtered file saved to public/data/block/hinode1.json
Filtered file saved to public/data/block/hinode2.json
Filtered file saved to public/data/block/hinode3.json
Filtered file saved to public/data/block/hinode4.json
Filtered file saved to public/data/block/okutama1.json
File saved to public/data/all.json
Results have been written to ./public/data/summary.json
{'1.0': '0.0', '2.0': '79.0', '3.0': '0.0', '4.0': '0.0', '5.0': '0.0', '6.0': '0.0', '7.0': '0.0', '8.0': '0.0', '9.0': '0.0', '10.0': '0.0', '11.0': '0.0', '12.0': '9.0', '13.0': '0.0', '14.0': '0.0', '15.0': '0.0', '16.0': '0.0', '17.0': '0.0', '18.0': '0.0', '19.0': '0.0', '20.0': '0.0', '21.0': '0.0', '22.0': '0.0', 'total': '88'}
Results have been written to ./public/data/summary_absolute.json
[main 8be43b8] Update
 1 file changed, 29 insertions(+)
To github.com:yuukiner/akishima2025.git
   d79f55a..8be43b8  main -> main
/mnt/c/Users/yukim/akishima2025/main.sh: line 37: .env: No such file or directory
Already up to date.
Filtered file saved to public/data/block/akishima1.json
Filtered file saved to public/data/block/akishima2.json
Filtered file saved to public/data/block/akishima3.json
Filtered file saved to public/data/block/akishima4.json
Filtered file saved to public/data/block/akishima5.json
Filtered file saved to public/data/block/akishima6.json
Filtered file saved to public/data/block/fussa1.json
Filtered file saved to public/data/block/fussa2.json
Filtered file saved to public/data/block/fussa3.json
Filtered file saved to public/data/block/fussa4.json
Filtered file saved to public/data/block/hamura1.json
Filtered file saved to public/data/block/hamura2.json
Filtered file saved to public/data/block/hamura3.json
Filtered file saved to public/data/block/hamura4.json
Filtered file saved to public/data/block/hinode1.json
Filtered file saved to public/data/block/hinode2.json
Filtered file saved to public/data/block/hinode3.json
Filtered file saved to public/data/block/hinode4.json
Filtered file saved to public/data/block/okutama1.json
File saved to public/data/all.json
Results have been written to ./public/data/summary.json
{'1.0': '0.0', '2.0': '79.0', '3.0': '0.0', '4.0': '0.0', '5.0': '0.0', '6.0': '0.0', '7.0': '0.0', '8.0': '0.0', '9.0': '0.0', '10.0': '0.0', '11.0': '0.0', '12.0': '9.0', '13.0': '0.0', '14.0': '0.0', '15.0': '0.0', '16.0': '0.0', '17.0': '0.0', '18.0': '0.0', '19.0': '0.0', '20.0': '0.0', '21.0': '0.0', '22.0': '0.0', 'total': '88'}
Results have been written to ./public/data/summary_absolute.json
